# JRE version: OpenJDK Runtime Environment (8.0_212-b04) (build 1.8.0_212-release-1586-b04)
# Java VM: OpenJDK 64-Bit Server VM (25.212-b04 mixed mode windows-amd64 compressed oops)
Heap:
 PSYoungGen      total 450560K, used 117834K [0x00000000d5580000, 0x00000000f9200000, 0x0000000100000000)
  eden space 314880K, 37% used [0x00000000d5580000,0x00000000dc892b28,0x00000000e8900000)
  from space 135680K, 0% used [0x00000000e8900000,0x00000000e8900000,0x00000000f0d80000)
  to   space 127488K, 0% used [0x00000000f1580000,0x00000000f1580000,0x00000000f9200000)
 ParOldGen       total 395264K, used 378488K [0x0000000080000000, 0x0000000098200000, 0x00000000d5580000)
  object space 395264K, 95% used [0x0000000080000000,0x000000009719e1e8,0x0000000098200000)
 Metaspace       used 109289K, capacity 115598K, committed 115752K, reserved 1148928K
  class space    used 14699K, capacity 16339K, committed 16424K, reserved 1048576K
GC Heap History (10 events):
Event: 345.556 GC heap before
{Heap before GC invocations=44 (full 5):
 PSYoungGen      total 381952K, used 364944K [0x00000000d5580000, 0x00000000f5d80000, 0x0000000100000000)
  eden space 269312K, 100% used [0x00000000d5580000,0x00000000e5c80000,0x00000000e5c80000)
  from space 112640K, 84% used [0x00000000ed680000,0x00000000f33e4068,0x00000000f4480000)
  to   space 124928K, 0% used [0x00000000e5c80000,0x00000000e5c80000,0x00000000ed680000)
 ParOldGen       total 395264K, used 232379K [0x0000000080000000, 0x0000000098200000, 0x00000000d5580000)
  object space 395264K, 58% used [0x0000000080000000,0x000000008e2eee18,0x0000000098200000)
 Metaspace       used 108413K, capacity 114766K, committed 114984K, reserved 1148928K
  class space    used 14688K, capacity 16339K, committed 16424K, reserved 1048576K
Event: 345.675 GC heap after
Heap after GC invocations=44 (full 5):
 PSYoungGen      total 394240K, used 119275K [0x00000000d5580000, 0x00000000fa200000, 0x0000000100000000)
  eden space 269312K, 0% used [0x00000000d5580000,0x00000000d5580000,0x00000000e5c80000)
  from space 124928K, 95% used [0x00000000e5c80000,0x00000000ed0fae60,0x00000000ed680000)
  to   space 143872K, 0% used [0x00000000f1580000,0x00000000f1580000,0x00000000fa200000)
 ParOldGen       total 395264K, used 245230K [0x0000000080000000, 0x0000000098200000, 0x00000000d5580000)
  object space 395264K, 62% used [0x0000000080000000,0x000000008ef7b948,0x0000000098200000)
 Metaspace       used 108413K, capacity 114766K, committed 114984K, reserved 1148928K
  class space    used 14688K, capacity 16339K, committed 16424K, reserved 1048576K
}
Event: 351.805 GC heap before
{Heap before GC invocations=45 (full 5):
 PSYoungGen      total 394240K, used 388587K [0x00000000d5580000, 0x00000000fa200000, 0x0000000100000000)
  eden space 269312K, 100% used [0x00000000d5580000,0x00000000e5c80000,0x00000000e5c80000)
  from space 124928K, 95% used [0x00000000e5c80000,0x00000000ed0fae60,0x00000000ed680000)
  to   space 143872K, 0% used [0x00000000f1580000,0x00000000f1580000,0x00000000fa200000)
 ParOldGen       total 395264K, used 245230K [0x0000000080000000, 0x0000000098200000, 0x00000000d5580000)
  object space 395264K, 62% used [0x0000000080000000,0x000000008ef7b948,0x0000000098200000)
 Metaspace       used 109037K, capacity 115342K, committed 115496K, reserved 1148928K
  class space    used 14696K, capacity 16339K, committed 16424K, reserved 1048576K
Event: 351.994 GC heap after
Heap after GC invocations=45 (full 5):
 PSYoungGen      total 442368K, used 52227K [0x00000000d5580000, 0x00000000f9200000, 0x0000000100000000)
  eden space 314880K, 0% used [0x00000000d5580000,0x00000000d5580000,0x00000000e8900000)
  from space 127488K, 40% used [0x00000000f1580000,0x00000000f4880df0,0x00000000f9200000)
  to   space 135680K, 0% used [0x00000000e8900000,0x00000000e8900000,0x00000000f0d80000)
 ParOldGen       total 395264K, used 323617K [0x0000000080000000, 0x0000000098200000, 0x00000000d5580000)
  object space 395264K, 81% used [0x0000000080000000,0x0000000093c08738,0x0000000098200000)
 Metaspace       used 109037K, capacity 115342K, committed 115496K, reserved 1148928K
  class space    used 14696K, capacity 16339K, committed 16424K, reserved 1048576K
}
Event: 356.905 GC heap before
{Heap before GC invocations=46 (full 5):
 PSYoungGen      total 442368K, used 367107K [0x00000000d5580000, 0x00000000f9200000, 0x0000000100000000)
  eden space 314880K, 100% used [0x00000000d5580000,0x00000000e8900000,0x00000000e8900000)
  from space 127488K, 40% used [0x00000000f1580000,0x00000000f4880df0,0x00000000f9200000)
  to   space 135680K, 0% used [0x00000000e8900000,0x00000000e8900000,0x00000000f0d80000)
 ParOldGen       total 395264K, used 323617K [0x0000000080000000, 0x0000000098200000, 0x00000000d5580000)
  object space 395264K, 81% used [0x0000000080000000,0x0000000093c08738,0x0000000098200000)
 Metaspace       used 109202K, capacity 115534K, committed 115752K, reserved 1148928K
  class space    used 14697K, capacity 16339K, committed 16424K, reserved 1048576K
Event: 356.992 GC heap after
Heap after GC invocations=46 (full 5):
 PSYoungGen      total 450560K, used 11297K [0x00000000d5580000, 0x00000000f9200000, 0x0000000100000000)
  eden space 314880K, 0% used [0x00000000d5580000,0x00000000d5580000,0x00000000e8900000)
  from space 135680K, 8% used [0x00000000e8900000,0x00000000e94087d8,0x00000000f0d80000)
  to   space 127488K, 0% used [0x00000000f1580000,0x00000000f1580000,0x00000000f9200000)
 ParOldGen       total 395264K, used 374521K [0x0000000080000000, 0x0000000098200000, 0x00000000d5580000)
  object space 395264K, 94% used [0x0000000080000000,0x0000000096dbe6b0,0x0000000098200000)
 Metaspace       used 109202K, capacity 115534K, committed 115752K, reserved 1148928K
  class space    used 14697K, capacity 16339K, committed 16424K, reserved 1048576K
}
Event: 356.992 GC heap before
{Heap before GC invocations=47 (full 6):
 PSYoungGen      total 450560K, used 11297K [0x00000000d5580000, 0x00000000f9200000, 0x0000000100000000)
  eden space 314880K, 0% used [0x00000000d5580000,0x00000000d5580000,0x00000000e8900000)
  from space 135680K, 8% used [0x00000000e8900000,0x00000000e94087d8,0x00000000f0d80000)
  to   space 127488K, 0% used [0x00000000f1580000,0x00000000f1580000,0x00000000f9200000)
 ParOldGen       total 395264K, used 374521K [0x0000000080000000, 0x0000000098200000, 0x00000000d5580000)
  object space 395264K, 94% used [0x0000000080000000,0x0000000096dbe6b0,0x0000000098200000)
 Metaspace       used 109202K, capacity 115534K, committed 115752K, reserved 1148928K
  class space    used 14697K, capacity 16339K, committed 16424K, reserved 1048576K
Event: 358.928 GC heap after
Heap after GC invocations=47 (full 6):
 PSYoungGen      total 450560K, used 0K [0x00000000d5580000, 0x00000000f9200000, 0x0000000100000000)
  eden space 314880K, 0% used [0x00000000d5580000,0x00000000d5580000,0x00000000e8900000)
  from space 135680K, 0% used [0x00000000e8900000,0x00000000e8900000,0x00000000f0d80000)
  to   space 127488K, 0% used [0x00000000f1580000,0x00000000f1580000,0x00000000f9200000)
 ParOldGen       total 395264K, used 368111K [0x0000000080000000, 0x0000000098200000, 0x00000000d5580000)
  object space 395264K, 93% used [0x0000000080000000,0x000000009677be00,0x0000000098200000)
 Metaspace       used 109202K, capacity 115534K, committed 115752K, reserved 1148928K
  class space    used 14697K, capacity 16339K, committed 16424K, reserved 1048576K
}
Event: 366.503 GC heap before
{Heap before GC invocations=48 (full 7):
 PSYoungGen      total 450560K, used 314880K [0x00000000d5580000, 0x00000000f9200000, 0x0000000100000000)
  eden space 314880K, 100% used [0x00000000d5580000,0x00000000e8900000,0x00000000e8900000)
  from space 135680K, 0% used [0x00000000e8900000,0x00000000e8900000,0x00000000f0d80000)
  to   space 127488K, 0% used [0x00000000f1580000,0x00000000f1580000,0x00000000f9200000)
 ParOldGen       total 395264K, used 368111K [0x0000000080000000, 0x0000000098200000, 0x00000000d5580000)
  object space 395264K, 93% used [0x0000000080000000,0x000000009677be00,0x0000000098200000)
 Metaspace       used 109270K, capacity 115598K, committed 115752K, reserved 1148928K
  class space    used 14699K, capacity 16339K, committed 16424K, reserved 1048576K
Event: 369.868 GC heap after
Heap after GC invocations=48 (full 7):
 PSYoungGen      total 450560K, used 0K [0x00000000d5580000, 0x00000000f9200000, 0x0000000100000000)
  eden space 314880K, 0% used [0x00000000d5580000,0x00000000d5580000,0x00000000e8900000)
  from space 135680K, 0% used [0x00000000e8900000,0x00000000e8900000,0x00000000f0d80000)
  to   space 127488K, 0% used [0x00000000f1580000,0x00000000f1580000,0x00000000f9200000)
 ParOldGen       total 395264K, used 378488K [0x0000000080000000, 0x0000000098200000, 0x00000000d5580000)
  object space 395264K, 95% used [0x0000000080000000,0x000000009719e1e8,0x0000000098200000)
 Metaspace       used 109270K, capacity 115598K, committed 115752K, reserved 1148928K
  class space    used 14699K, capacity 16339K, committed 16424K, reserved 1048576K
}

